2018-09-10 23:52:27,854:DEBUG:Program has started.
2018-09-10 23:52:27,854:INFO:magic text lorem is in test_dir/test.txt in line 0
2018-09-10 23:52:27,854:INFO:magic text lorem is in test_dir/test.txt in line 4
2018-09-10 23:52:27,855:INFO:magic text lorem is in test_dir/test.txt in line 7
2018-09-10 23:52:27,855:INFO:magic text lorem is in test_dir/test.txt in line 18
2018-09-10 23:52:43,481:INFO:magic text lorem is in test_dir/test.txt in line 20
2018-09-10 23:52:43,482:INFO:magic text lorem is in test_dir/test.txt in line 22
2018-09-10 23:52:43,482:INFO:magic text lorem is in test_dir/test.txt in line 24
2018-09-10 23:52:43,482:INFO:magic text lorem is in test_dir/test.txt in line 26
2018-09-10 23:52:43,482:INFO:magic text lorem is in test_dir/test.txt in line 28
2018-09-10 23:52:54,035:INFO:magic text lorem is in test_dir/test.txt in line 35
2018-09-10 23:52:54,035:INFO:magic text lorem is in test_dir/test.txt in line 37
2018-09-10 23:52:54,035:INFO:magic text lorem is in test_dir/test.txt in line 39
2018-09-10 23:52:54,036:INFO:magic text lorem is in test_dir/test.txt in line 41
2018-09-10 23:52:54,048:INFO:magic text lorem is in test_dir/test.txt in line 43
2018-09-10 23:52:54,048:INFO:magic text lorem is in test_dir/test.txt in line 45
2018-09-10 23:53:33,868:INFO:magic text lorem is in test_dir/test.txt in line 47
2018-09-10 23:54:03,449:WARNING:Received SIGTERM signal.
2018-09-10 23:54:03,449:DEBUG:Program has stopped.
2018-09-10 23:54:03,449:DEBUG:Program was up for about 95 seconds.
2018-09-10 23:54:03,449:INFO:True
2018-09-10 23:54:24,287:DEBUG:Program has started.
2018-09-10 23:54:24,288:WARNING:Given directory does not exist.
